[2022-06-08 16:40:59]  ----- BEGIN -----
[2022-06-08 16:40:59]  Old version 
[2022-06-08 16:42:33]  ----- BEGIN -----
[2022-06-08 16:42:33]  Old version 1.9.2
[2022-06-08 16:42:33]  Store plugin version 1.9.2
[2022-06-08 16:42:33]  ----- END -----

[2022-06-08 17:23:46]  ----- BEGIN -----
[2022-06-08 17:23:46]  Old version 1.9.2
[2022-06-08 17:23:46]  Store plugin version 1.9.2
[2022-06-08 17:23:46]  ----- END -----

[2022-06-08 18:12:09]  ----- BEGIN -----
[2022-06-08 18:12:09]  Old version 1.9.2
[2022-06-08 18:12:09]  Store plugin version 1.9.2
[2022-06-08 18:12:09]  ----- END -----

[2022-06-08 19:54:51]  ----- BEGIN -----
[2022-06-08 19:54:51]  Old version 1.9.2
[2022-06-08 19:54:51]  Store plugin version 1.9.2
[2022-06-08 19:54:51]  ----- END -----

[2022-06-08 19:54:55]  ----- BEGIN -----
[2022-06-08 19:54:55]  Old version 1.9.2
[2022-06-08 19:54:55]  Store plugin version 1.9.2
[2022-06-08 19:54:55]  ----- END -----

[2022-06-08 20:05:32]  ----- BEGIN -----
[2022-06-08 20:05:32]  Old version 1.9.2
[2022-06-08 20:05:32]  Store plugin version 1.9.2
[2022-06-08 20:05:32]  ----- END -----

[2022-06-12 22:04:41]  ----- BEGIN -----
[2022-06-12 22:04:41]  Old version 1.9.2
[2022-06-12 22:04:41]  Store plugin version 1.9.2
[2022-06-12 22:04:41]  ----- END -----

[2022-06-13 14:14:26]  ----- BEGIN -----
[2022-06-13 14:14:26]  Old version 1.9.2
[2022-06-13 14:14:26]  Store plugin version 1.9.2
[2022-06-13 14:14:26]  ----- END -----

[2022-06-13 14:14:30]  ----- BEGIN -----
[2022-06-13 14:14:30]  Old version 1.9.2
[2022-06-13 14:14:30]  Store plugin version 1.9.2
[2022-06-13 14:14:30]  ----- END -----

[2022-06-14 20:25:03]  ----- BEGIN -----
[2022-06-14 20:25:03]  Old version 1.9.2
[2022-06-14 20:25:03]  Store plugin version 1.9.2
[2022-06-14 20:25:03]  ----- END -----

[2022-06-15 10:34:16]  ----- BEGIN -----
[2022-06-15 10:34:16]  Old version 1.9.2
[2022-06-15 10:34:16]  Store plugin version 1.9.2
[2022-06-15 10:34:16]  ----- END -----

[2022-06-18 12:55:31]  ----- BEGIN -----
[2022-06-18 12:55:31]  Old version 1.9.2
[2022-06-18 12:55:31]  Store plugin version 1.9.2
[2022-06-18 12:55:31]  ----- END -----

[2022-06-20 13:12:15]  ----- BEGIN -----
[2022-06-20 13:12:15]  Old version 1.9.2
[2022-06-20 13:12:15]  Store plugin version 1.9.2
[2022-06-20 13:12:15]  ----- END -----

[2022-08-18 12:52:12]  ----- BEGIN -----
[2022-08-18 12:52:12]  Old version 1.9.2
[2022-08-18 12:52:12]  Store plugin version 1.9.2
[2022-08-18 12:52:12]  ----- END -----

[2022-08-18 12:53:14]  ----- BEGIN -----
[2022-08-18 12:53:14]  Old version 1.9.2
[2022-08-18 12:53:14]  Store plugin version 1.9.2
[2022-08-18 12:53:14]  ----- END -----

